Removed Member From Class: ClassName=BANK 1 Member=CLK0-LVDSCLK0P/INPUT-PCB_CLK
Removed Member From Class: ClassName=BANK 1 Member=CLK1-LVDSCLK0N/INPUT
Removed Member From Class: ClassName=BANK 1 Member=CLK2-LVDSCLK1P/INPUT
Removed Member From Class: ClassName=BANK 1 Member=CLK3-LVDSCLK1N/INPUT
Removed Member From Class: ClassName=BANK 3 Member=CLK4-LVDSCLK2P/INPUT
Removed Member From Class: ClassName=BANK 3 Member=CLK5-LVDSCLK2N/INPUT
Removed Member From Class: ClassName=BANK 3 Member=CLK6-LVDSCLK3P/INPUT
Removed Member From Class: ClassName=BANK 3 Member=CLK7-LVDSCLK3N/INPUT
Removed Member From Class: ClassName=BANK 1 Member=IO-LVDS3N
Removed Member From Class: ClassName=BANK 1 Member=IO-LVDS3P
Removed Member From Class: ClassName=BANK 1 Member=IO-LVDS4N
Removed Member From Class: ClassName=BANK 1 Member=IO-LVDS4P
Removed Member From Class: ClassName=BANK 1 Member=IO-LVDS5N-PCB_LED
Removed Member From Class: ClassName=BANK 1 Member=IO-LVDS5P
Removed Member From Class: ClassName=BANK 1 Member=IO-LVDS9N-CLKUSR
Removed Member From Class: ClassName=BANK 1 Member=IO-LVDS9P-CRC_ERROR-PCB_LED
Removed Member From Class: ClassName=BANK 2 Member=IO-LVDS10N-PCB_RESET
Removed Member From Class: ClassName=BANK 2 Member=IO-LVDS10P
Removed Member From Class: ClassName=BANK 2 Member=IO-LVDS11N-DEV_CLRN
Removed Member From Class: ClassName=BANK 2 Member=IO-LVDS11P
Removed Member From Class: ClassName=BANK 2 Member=IO-LVDS12N
Removed Member From Class: ClassName=BANK 2 Member=IO-LVDS12P
Removed Member From Class: ClassName=BANK 2 Member=IO-LVDS13N
Removed Member From Class: ClassName=BANK 2 Member=IO-LVDS13P
Removed Member From Class: ClassName=BANK 2 Member=IO-LVDS17N
Removed Member From Class: ClassName=BANK 2 Member=IO-LVDS17P
Removed Member From Class: ClassName=BANK 2 Member=IO-LVDS21N
Removed Member From Class: ClassName=BANK 2 Member=IO-LVDS21P
Removed Member From Class: ClassName=BANK 2 Member=IO-LVDS24N
Removed Member From Class: ClassName=BANK 2 Member=IO-LVDS24P
Removed Member From Class: ClassName=BANK 2 Member=IO-LVDS25N
Removed Member From Class: ClassName=BANK 2 Member=IO-LVDS25P
Removed Member From Class: ClassName=BANK 2 Member=IO-LVDS27N
Removed Member From Class: ClassName=BANK 2 Member=IO-LVDS27P
Removed Member From Class: ClassName=BANK 2 Member=IO-LVDS28N
Removed Member From Class: ClassName=BANK 2 Member=IO-LVDS28P
Removed Member From Class: ClassName=BANK 3 Member=IO-LVDS30N
Removed Member From Class: ClassName=BANK 3 Member=IO-LVDS30P
Removed Member From Class: ClassName=BANK 3 Member=IO-LVDS33N
Removed Member From Class: ClassName=BANK 3 Member=IO-LVDS34N
Removed Member From Class: ClassName=BANK 3 Member=IO-LVDS34P
Removed Member From Class: ClassName=BANK 3 Member=IO-LVDS35N
Removed Member From Class: ClassName=BANK 3 Member=IO-LVDS35P
Removed Member From Class: ClassName=BANK 3 Member=IO-LVDS36N
Removed Member From Class: ClassName=BANK 3 Member=IO-LVDS36P
Removed Member From Class: ClassName=BANK 3 Member=IO-LVDS37N
Removed Member From Class: ClassName=BANK 3 Member=IO-LVDS37P
Removed Member From Class: ClassName=BANK 3 Member=IO-LVDS41N-INIT_DONE
Removed Member From Class: ClassName=BANK 3 Member=IO-LVDS41P-NCEO
Removed Member From Class: ClassName=BANK 3 Member=IO-LVDS42N-PCB_RC
Removed Member From Class: ClassName=BANK 3 Member=IO-LVDS42P
Removed Member From Class: ClassName=BANK 4 Member=IO-LVDS43N
Removed Member From Class: ClassName=BANK 4 Member=IO-LVDS43P
Removed Member From Class: ClassName=BANK 4 Member=IO-LVDS44N
Removed Member From Class: ClassName=BANK 4 Member=IO-LVDS44P
Removed Member From Class: ClassName=BANK 4 Member=IO-LVDS45N
Removed Member From Class: ClassName=BANK 4 Member=IO-LVDS46N
Removed Member From Class: ClassName=BANK 4 Member=IO-LVDS46P
Removed Member From Class: ClassName=BANK 4 Member=IO-LVDS51N
Removed Member From Class: ClassName=BANK 4 Member=IO-LVDS51P
Removed Member From Class: ClassName=BANK 4 Member=IO-LVDS52N
Removed Member From Class: ClassName=BANK 4 Member=IO-LVDS52P
Removed Member From Class: ClassName=BANK 4 Member=IO-LVDS53N
Removed Member From Class: ClassName=BANK 4 Member=IO-LVDS53P
Removed Member From Class: ClassName=BANK 4 Member=IO-LVDS54P
Removed Member From Class: ClassName=BANK 4 Member=IO-LVDS55N
Removed Member From Class: ClassName=BANK 4 Member=IO-LVDS55P
Removed Member From Class: ClassName=BANK 4 Member=IO-LVDS56N
Removed Member From Class: ClassName=BANK 4 Member=IO-LVDS56P
Removed Member From Class: ClassName=BANK 4 Member=IO-LVDS57N
Removed Member From Class: ClassName=BANK 4 Member=IO-LVDS57P
Removed Member From Class: ClassName=BANK 4 Member=IO-LVDS58N-DEV_OE
Removed Member From Class: ClassName=BANK 4 Member=IO-LVDS58P
Removed Member From Class: ClassName=BANK 1 Member=IO-PLL1_OUTN
Removed Member From Class: ClassName=BANK 1 Member=IO-PLL1_OUTP
Removed Member From Class: ClassName=BANK 3 Member=IO-PLL2_OUTN
Removed Member From Class: ClassName=BANK 3 Member=IO-PLL2_OUTP
Removed Member From Class: ClassName=BANK 1 Member=IO-VREFB1N0-PCB_LED
Removed Member From Class: ClassName=BANK 1 Member=IO-VREFB1N1
Removed Member From Class: ClassName=BANK 2 Member=IO-VREFB2N0
Removed Member From Class: ClassName=BANK 2 Member=IO-VREFB2N1
Removed Member From Class: ClassName=BANK 3 Member=IO-VREFB3N0
Removed Member From Class: ClassName=BANK 3 Member=IO-VREFB3N1
Removed Member From Class: ClassName=BANK 4 Member=IO-VREFB4N0
Removed Member From Class: ClassName=BANK 4 Member=IO-VREFB4N1
Removed Member From Class: ClassName=BANK 1 Member=IO_BANK_1
Removed Member From Class: ClassName=BANK 2 Member=IO_BANK_2
Change Net Name : Old Net Name=CLK0-LVDSCLK0P/INPUT-PCB_CLK New Net Name=PIN17
Change Net Name : Old Net Name=CLK1-LVDSCLK0N/INPUT New Net Name=PIN18
Change Net Name : Old Net Name=CLK2-LVDSCLK1P/INPUT New Net Name=PIN21
Change Net Name : Old Net Name=CLK3-LVDSCLK1N/INPUT New Net Name=PIN22
Change Net Name : Old Net Name=CLK4-LVDSCLK2P/INPUT New Net Name=PIN91
Change Net Name : Old Net Name=CLK5-LVDSCLK2N/INPUT New Net Name=PIN90
Change Net Name : Old Net Name=CLK6-LVDSCLK3P/INPUT New Net Name=PIN89
Change Net Name : Old Net Name=CLK7-LVDSCLK3N/INPUT New Net Name=PIN88
Change Net Name : Old Net Name=IO-LVDS3N New Net Name=PIN27
Change Net Name : Old Net Name=IO-LVDS3P New Net Name=PIN26
Change Net Name : Old Net Name=IO-LVDS4N New Net Name=PIN25
Change Net Name : Old Net Name=IO-LVDS4P New Net Name=PIN24
Change Net Name : Old Net Name=IO-LVDS5N-PCB_LED New Net Name=PIN9
Change Net Name : Old Net Name=IO-LVDS5P New Net Name=PIN8
Change Net Name : Old Net Name=IO-LVDS9N-CLKUSR New Net Name=PIN4
Change Net Name : Old Net Name=IO-LVDS9P-CRC_ERROR-PCB_LED New Net Name=PIN3
Change Net Name : Old Net Name=IO-LVDS10N-PCB_RESET New Net Name=PIN144
Change Net Name : Old Net Name=IO-LVDS10P New Net Name=PIN143
Change Net Name : Old Net Name=IO-LVDS11N-DEV_CLRN New Net Name=PIN142
Change Net Name : Old Net Name=IO-LVDS11P New Net Name=PIN141
Change Net Name : Old Net Name=IO-LVDS12N New Net Name=PIN137
Change Net Name : Old Net Name=IO-LVDS12P New Net Name=PIN139
Change Net Name : Old Net Name=IO-LVDS13N New Net Name=PIN135
Change Net Name : Old Net Name=IO-LVDS13P New Net Name=PIN136
Change Net Name : Old Net Name=IO-LVDS17N New Net Name=PIN133
Change Net Name : Old Net Name=IO-LVDS17P New Net Name=PIN134
Change Net Name : Old Net Name=IO-LVDS21N New Net Name=PIN125
Change Net Name : Old Net Name=IO-LVDS21P New Net Name=PIN126
Change Net Name : Old Net Name=IO-LVDS24N New Net Name=PIN121
Change Net Name : Old Net Name=IO-LVDS24P New Net Name=PIN122
Change Net Name : Old Net Name=IO-LVDS25N New Net Name=PIN118
Change Net Name : Old Net Name=IO-LVDS25P New Net Name=PIN119
Change Net Name : Old Net Name=IO-LVDS27N New Net Name=PIN114
Change Net Name : Old Net Name=IO-LVDS27P New Net Name=PIN115
Change Net Name : Old Net Name=IO-LVDS28N New Net Name=PIN112
Change Net Name : Old Net Name=IO-LVDS28P New Net Name=PIN113
Change Net Name : Old Net Name=IO-LVDS30N New Net Name=PIN100
Change Net Name : Old Net Name=IO-LVDS30P New Net Name=PIN101
Change Net Name : Old Net Name=IO-LVDS33N New Net Name=PIN97
Change Net Name : Old Net Name=IO-LVDS34N New Net Name=PIN94
Change Net Name : Old Net Name=IO-LVDS34P New Net Name=PIN96
Change Net Name : Old Net Name=IO-LVDS35N New Net Name=PIN92
Change Net Name : Old Net Name=IO-LVDS35P New Net Name=PIN93
Change Net Name : Old Net Name=IO-LVDS36N New Net Name=PIN86
Change Net Name : Old Net Name=IO-LVDS36P New Net Name=PIN87
Change Net Name : Old Net Name=IO-LVDS37N New Net Name=PIN80
Change Net Name : Old Net Name=IO-LVDS37P New Net Name=PIN81
Change Net Name : Old Net Name=IO-LVDS41N-INIT_DONE New Net Name=PIN75
Change Net Name : Old Net Name=IO-LVDS41P-NCEO New Net Name=PIN76
Change Net Name : Old Net Name=IO-LVDS42N-PCB_RC New Net Name=PIN73
Change Net Name : Old Net Name=IO-LVDS42P New Net Name=PIN74
Change Net Name : Old Net Name=IO-LVDS43N New Net Name=PIN72
Change Net Name : Old Net Name=IO-LVDS43P New Net Name=PIN71
Change Net Name : Old Net Name=IO-LVDS44N New Net Name=PIN70
Change Net Name : Old Net Name=IO-LVDS44P New Net Name=PIN69
Change Net Name : Old Net Name=IO-LVDS45N New Net Name=PIN67
Change Net Name : Old Net Name=IO-LVDS46N New Net Name=PIN65
Change Net Name : Old Net Name=IO-LVDS46P New Net Name=PIN64
Change Net Name : Old Net Name=IO-LVDS51N New Net Name=PIN60
Change Net Name : Old Net Name=IO-LVDS51P New Net Name=PIN59
Change Net Name : Old Net Name=IO-LVDS52N New Net Name=PIN58
Change Net Name : Old Net Name=IO-LVDS52P New Net Name=PIN57
Change Net Name : Old Net Name=IO-LVDS53N New Net Name=PIN55
Change Net Name : Old Net Name=IO-LVDS53P New Net Name=PIN53
Change Net Name : Old Net Name=IO-LVDS54P New Net Name=PIN52
Change Net Name : Old Net Name=IO-LVDS55N New Net Name=PIN48
Change Net Name : Old Net Name=IO-LVDS55P New Net Name=PIN47
Change Net Name : Old Net Name=IO-LVDS56N New Net Name=PIN45
Change Net Name : Old Net Name=IO-LVDS56P New Net Name=PIN44
Change Net Name : Old Net Name=IO-LVDS57N New Net Name=PIN43
Change Net Name : Old Net Name=IO-LVDS57P New Net Name=PIN42
Change Net Name : Old Net Name=IO-LVDS58N-DEV_OE New Net Name=PIN40
Change Net Name : Old Net Name=IO-LVDS58P New Net Name=PIN41
Change Net Name : Old Net Name=IO-PLL1_OUTN New Net Name=PIN32
Change Net Name : Old Net Name=IO-PLL1_OUTP New Net Name=PIN31
Change Net Name : Old Net Name=IO-PLL2_OUTN New Net Name=PIN104
Change Net Name : Old Net Name=IO-PLL2_OUTP New Net Name=PIN103
Change Net Name : Old Net Name=IO-VREFB1N0-PCB_LED New Net Name=PIN7
Change Net Name : Old Net Name=IO-VREFB1N1 New Net Name=PIN28
Change Net Name : Old Net Name=IO-VREFB2N0 New Net Name=PIN120
Change Net Name : Old Net Name=IO-VREFB2N1 New Net Name=PIN132
Change Net Name : Old Net Name=IO-VREFB3N0 New Net Name=PIN99
Change Net Name : Old Net Name=IO-VREFB3N1 New Net Name=PIN79
Change Net Name : Old Net Name=IO-VREFB4N0 New Net Name=PIN63
Change Net Name : Old Net Name=IO-VREFB4N1 New Net Name=PIN51
Change Net Name : Old Net Name=IO_BANK_1 New Net Name=PIN30
Change Net Name : Old Net Name=IO_BANK_2 New Net Name=PIN129
Change Class Name : Old Net Name=[04] - LED MATRIX New Net Name=[04] - RGB LED MATRIX
Added Member To Class: ClassName=BANK 1 Member=Wire PIN3
Added Member To Class: ClassName=BANK 1 Member=Wire PIN4
Added Member To Class: ClassName=BANK 1 Member=Wire PIN7
Added Member To Class: ClassName=BANK 1 Member=Wire PIN8
Added Member To Class: ClassName=BANK 1 Member=Wire PIN9
Added Member To Class: ClassName=BANK 1 Member=Wire PIN17
Added Member To Class: ClassName=BANK 1 Member=Wire PIN18
Added Member To Class: ClassName=BANK 1 Member=Wire PIN21
Added Member To Class: ClassName=BANK 1 Member=Wire PIN22
Added Member To Class: ClassName=BANK 1 Member=Wire PIN24
Added Member To Class: ClassName=BANK 1 Member=Wire PIN25
Added Member To Class: ClassName=BANK 1 Member=Wire PIN26
Added Member To Class: ClassName=BANK 1 Member=Wire PIN27
Added Member To Class: ClassName=BANK 1 Member=Wire PIN28
Added Member To Class: ClassName=BANK 1 Member=Wire PIN30
Added Member To Class: ClassName=BANK 1 Member=Wire PIN31
Added Member To Class: ClassName=BANK 1 Member=Wire PIN32
Added Member To Class: ClassName=BANK 4 Member=Wire PIN40
Added Member To Class: ClassName=BANK 4 Member=Wire PIN41
Added Member To Class: ClassName=BANK 4 Member=Wire PIN42
Added Member To Class: ClassName=BANK 4 Member=Wire PIN43
Added Member To Class: ClassName=BANK 4 Member=Wire PIN44
Added Member To Class: ClassName=BANK 4 Member=Wire PIN45
Added Member To Class: ClassName=BANK 4 Member=Wire PIN47
Added Member To Class: ClassName=BANK 4 Member=Wire PIN48
Added Member To Class: ClassName=BANK 4 Member=Wire PIN51
Added Member To Class: ClassName=BANK 4 Member=Wire PIN52
Added Member To Class: ClassName=BANK 4 Member=Wire PIN53
Added Member To Class: ClassName=BANK 4 Member=Wire PIN55
Added Member To Class: ClassName=BANK 4 Member=Wire PIN57
Added Member To Class: ClassName=BANK 4 Member=Wire PIN58
Added Member To Class: ClassName=BANK 4 Member=Wire PIN59
Added Member To Class: ClassName=BANK 4 Member=Wire PIN60
Added Member To Class: ClassName=BANK 4 Member=Wire PIN63
Added Member To Class: ClassName=BANK 4 Member=Wire PIN64
Added Member To Class: ClassName=BANK 4 Member=Wire PIN65
Added Member To Class: ClassName=BANK 4 Member=Wire PIN67
Added Member To Class: ClassName=BANK 4 Member=Wire PIN69
Added Member To Class: ClassName=BANK 4 Member=Wire PIN70
Added Member To Class: ClassName=BANK 4 Member=Wire PIN71
Added Member To Class: ClassName=BANK 4 Member=Wire PIN72
Added Member To Class: ClassName=BANK 3 Member=Wire PIN73
Added Member To Class: ClassName=BANK 3 Member=Wire PIN74
Added Member To Class: ClassName=BANK 3 Member=Wire PIN75
Added Member To Class: ClassName=BANK 3 Member=Wire PIN76
Added Member To Class: ClassName=BANK 3 Member=Wire PIN79
Added Member To Class: ClassName=BANK 3 Member=Wire PIN80
Added Member To Class: ClassName=BANK 3 Member=Wire PIN81
Added Member To Class: ClassName=BANK 3 Member=Wire PIN86
Added Member To Class: ClassName=BANK 3 Member=Wire PIN87
Added Member To Class: ClassName=BANK 3 Member=Wire PIN88
Added Member To Class: ClassName=BANK 3 Member=Wire PIN89
Added Member To Class: ClassName=BANK 3 Member=Wire PIN90
Added Member To Class: ClassName=BANK 3 Member=Wire PIN91
Added Member To Class: ClassName=BANK 3 Member=Wire PIN92
Added Member To Class: ClassName=BANK 3 Member=Wire PIN93
Added Member To Class: ClassName=BANK 3 Member=Wire PIN94
Added Member To Class: ClassName=BANK 3 Member=Wire PIN96
Added Member To Class: ClassName=BANK 3 Member=Wire PIN97
Added Member To Class: ClassName=BANK 3 Member=Wire PIN99
Added Member To Class: ClassName=BANK 3 Member=Wire PIN100
Added Member To Class: ClassName=BANK 3 Member=Wire PIN101
Added Member To Class: ClassName=BANK 3 Member=Wire PIN103
Added Member To Class: ClassName=BANK 3 Member=Wire PIN104
Added Member To Class: ClassName=BANK 2 Member=Wire PIN112
Added Member To Class: ClassName=BANK 2 Member=Wire PIN113
Added Member To Class: ClassName=BANK 2 Member=Wire PIN114
Added Member To Class: ClassName=BANK 2 Member=Wire PIN115
Added Member To Class: ClassName=BANK 2 Member=Wire PIN118
Added Member To Class: ClassName=BANK 2 Member=Wire PIN119
Added Member To Class: ClassName=BANK 2 Member=Wire PIN120
Added Member To Class: ClassName=BANK 2 Member=Wire PIN121
Added Member To Class: ClassName=BANK 2 Member=Wire PIN122
Added Member To Class: ClassName=BANK 2 Member=Wire PIN125
Added Member To Class: ClassName=BANK 2 Member=Wire PIN126
Added Member To Class: ClassName=BANK 2 Member=Wire PIN129
Added Member To Class: ClassName=BANK 2 Member=Wire PIN132
Added Member To Class: ClassName=BANK 2 Member=Wire PIN133
Added Member To Class: ClassName=BANK 2 Member=Wire PIN134
Added Member To Class: ClassName=BANK 2 Member=Wire PIN135
Added Member To Class: ClassName=BANK 2 Member=Wire PIN136
Added Member To Class: ClassName=BANK 2 Member=Wire PIN137
Added Member To Class: ClassName=BANK 2 Member=Wire PIN139
Added Member To Class: ClassName=BANK 2 Member=Wire PIN141
Added Member To Class: ClassName=BANK 2 Member=Wire PIN142
Added Member To Class: ClassName=BANK 2 Member=Wire PIN143
Added Member To Class: ClassName=BANK 2 Member=Wire PIN144
