Added Component: Designator=P1(Female Header 14x2 2.54mm 10mm)
Added Component: Designator=P2(Female Header 14x2 2.54mm 10mm)
Added Component: Designator=P3(Female Header 14x2 2.54mm 10mm)
Added Component: Designator=P4(Female Header 14x2 2.54mm 10mm)
Added Pin To Net: NetName=IO-LVDS58N-DEV_OE Pin=P1-1
Added Pin To Net: NetName=IO-LVDS58P Pin=P1-2
Added Pin To Net: NetName=IO-LVDS57P Pin=P1-3
Added Pin To Net: NetName=IO-LVDS57N Pin=P1-4
Added Pin To Net: NetName=IO-LVDS56P Pin=P1-5
Added Pin To Net: NetName=IO-LVDS56N Pin=P1-6
Added Pin To Net: NetName=IO-LVDS55P Pin=P1-7
Added Pin To Net: NetName=IO-LVDS55N Pin=P1-8
Added Pin To Net: NetName=IO-VREFB4N1 Pin=P1-9
Added Pin To Net: NetName=IO-LVDS54P Pin=P1-10
Added Pin To Net: NetName=IO-LVDS53P Pin=P1-11
Added Pin To Net: NetName=IO-LVDS53N Pin=P1-12
Added Pin To Net: NetName=IO-LVDS52P Pin=P1-13
Added Pin To Net: NetName=IO-LVDS52N Pin=P1-14
Added Pin To Net: NetName=IO-LVDS51P Pin=P1-15
Added Pin To Net: NetName=IO-LVDS51N Pin=P1-16
Added Pin To Net: NetName=IO-VREFB4N0 Pin=P1-17
Added Pin To Net: NetName=IO-LVDS46P Pin=P1-18
Added Pin To Net: NetName=IO-LVDS46N Pin=P1-19
Added Pin To Net: NetName=IO-LVDS45N Pin=P1-20
Added Pin To Net: NetName=IO-LVDS44P Pin=P1-21
Added Pin To Net: NetName=IO-LVDS44N Pin=P1-22
Added Pin To Net: NetName=IO-LVDS43P Pin=P1-23
Added Pin To Net: NetName=IO-LVDS43N Pin=P1-24
Added Pin To Net: NetName=GND Pin=P1-25
Added Pin To Net: NetName=GND Pin=P1-26
Added Pin To Net: NetName=+3V3 Pin=P1-27
Added Pin To Net: NetName=+3V3 Pin=P1-28
Added Pin To Net: NetName=GND Pin=P2-1
Added Pin To Net: NetName=GND Pin=P2-2
Added Pin To Net: NetName=IO-LVDS42N-PCB_RC Pin=P2-3
Added Pin To Net: NetName=IO-LVDS42P Pin=P2-4
Added Pin To Net: NetName=IO-LVDS41N-INIT_DONE Pin=P2-5
Added Pin To Net: NetName=IO-LVDS41P-NCEO Pin=P2-6
Added Pin To Net: NetName=IO-VREFB3N1 Pin=P2-7
Added Pin To Net: NetName=IO-LVDS37N Pin=P2-8
Added Pin To Net: NetName=IO-LVDS37P Pin=P2-9
Added Pin To Net: NetName=IO-LVDS36N Pin=P2-10
Added Pin To Net: NetName=IO-LVDS36P Pin=P2-11
Added Pin To Net: NetName=CLK7-LVDSCLK3N/INPUT Pin=P2-12
Added Pin To Net: NetName=CLK6-LVDSCLK3P/INPUT Pin=P2-13
Added Pin To Net: NetName=CLK5-LVDSCLK2N/INPUT Pin=P2-14
Added Pin To Net: NetName=CLK4-LVDSCLK2P/INPUT Pin=P2-15
Added Pin To Net: NetName=IO-LVDS35N Pin=P2-16
Added Pin To Net: NetName=IO-LVDS35P Pin=P2-17
Added Pin To Net: NetName=IO-LVDS34N Pin=P2-18
Added Pin To Net: NetName=IO-LVDS34P Pin=P2-19
Added Pin To Net: NetName=IO-LVDS33N Pin=P2-20
Added Pin To Net: NetName=IO-VREFB3N0 Pin=P2-21
Added Pin To Net: NetName=IO-LVDS30N Pin=P2-22
Added Pin To Net: NetName=IO-LVDS30P Pin=P2-23
Added Pin To Net: NetName=IO-PLL2_OUTP Pin=P2-24
Added Pin To Net: NetName=IO-PLL2_OUTN Pin=P2-25
Added Pin To Net: NetName=GND Pin=P2-26
Added Pin To Net: NetName=GND Pin=P2-27
Added Pin To Net: NetName=+3V3 Pin=P2-28
Added Pin To Net: NetName=GND Pin=P3-1
Added Pin To Net: NetName=GND Pin=P3-2
Added Pin To Net: NetName=IO-LVDS28N Pin=P3-3
Added Pin To Net: NetName=IO-LVDS28P Pin=P3-4
Added Pin To Net: NetName=IO-LVDS27N Pin=P3-5
Added Pin To Net: NetName=IO-LVDS27P Pin=P3-6
Added Pin To Net: NetName=IO-LVDS25N Pin=P3-7
Added Pin To Net: NetName=IO-LVDS25P Pin=P3-8
Added Pin To Net: NetName=IO-VREFB2N0 Pin=P3-9
Added Pin To Net: NetName=IO-LVDS24N Pin=P3-10
Added Pin To Net: NetName=IO-LVDS24P Pin=P3-11
Added Pin To Net: NetName=IO-LVDS21N Pin=P3-12
Added Pin To Net: NetName=IO-LVDS21P Pin=P3-13
Added Pin To Net: NetName=IO Pin=P3-14
Added Pin To Net: NetName=IO-VREFB2N1 Pin=P3-15
Added Pin To Net: NetName=IO-LVDS17N Pin=P3-16
Added Pin To Net: NetName=IO-LVDS17P Pin=P3-17
Added Pin To Net: NetName=IO-LVDS13N Pin=P3-18
Added Pin To Net: NetName=IO-LVDS13P Pin=P3-19
Added Pin To Net: NetName=IO-LVDS12N Pin=P3-20
Added Pin To Net: NetName=IO-LVDS12P Pin=P3-21
Added Pin To Net: NetName=IO-LVDS11P Pin=P3-22
Added Pin To Net: NetName=IO-LVDS11N-DEV_CLRN Pin=P3-23
Added Pin To Net: NetName=IO-LVDS10P Pin=P3-24
Added Pin To Net: NetName=IO-LVDS10N-PCB_RESET Pin=P3-25
Added Pin To Net: NetName=GND Pin=P3-26
Added Pin To Net: NetName=GND Pin=P3-27
Added Pin To Net: NetName=+3V3 Pin=P3-28
Added Pin To Net: NetName=GND Pin=P4-1
Added Pin To Net: NetName=GND Pin=P4-2
Added Pin To Net: NetName=IO-LVDS9P-CRC_ERROR-PCB_LED Pin=P4-3
Added Pin To Net: NetName=IO-LVDS9N-CLKUSR Pin=P4-4
Added Pin To Net: NetName=IO-VREFB1N0-PCB_LED Pin=P4-5
Added Pin To Net: NetName=IO-LVDS5P Pin=P4-6
Added Pin To Net: NetName=IO-LVDS5N-PCB_LED Pin=P4-7
Added Pin To Net: NetName=GND Pin=P4-8
Added Pin To Net: NetName=GND Pin=P4-9
Added Pin To Net: NetName=GND Pin=P4-10
Added Pin To Net: NetName=CLK1-LVDSCLK0N/INPUT Pin=P4-11
Added Pin To Net: NetName=CLK0-LVDSCLK0P/INPUT-PCB_CLK Pin=P4-12
Added Pin To Net: NetName=CLK3-LVDSCLK1N/INPUT Pin=P4-13
Added Pin To Net: NetName=CLK2-LVDSCLK1P/INPUT Pin=P4-14
Added Pin To Net: NetName=IO-LVDS4N Pin=P4-15
Added Pin To Net: NetName=IO-LVDS4P Pin=P4-16
Added Pin To Net: NetName=IO-LVDS3N Pin=P4-17
Added Pin To Net: NetName=IO-LVDS3P Pin=P4-18
Added Pin To Net: NetName=+1V2 Pin=P4-19
Added Pin To Net: NetName=+1V2 Pin=P4-20
Added Pin To Net: NetName=IO Pin=P4-21
Added Pin To Net: NetName=IO-VREFB1N1 Pin=P4-22
Added Pin To Net: NetName=IO-PLL1_OUTN Pin=P4-23
Added Pin To Net: NetName=IO-PLL1_OUTP Pin=P4-24
Added Pin To Net: NetName=GND Pin=P4-25
Added Pin To Net: NetName=GND Pin=P4-26
Added Pin To Net: NetName=+3V3 Pin=P4-27
Added Pin To Net: NetName=+3V3 Pin=P4-28
Added Member To Class: ClassName=[03] - CONNECTORS Member=Component P1 Female Header 14x2 2.54mm 10mm
Added Member To Class: ClassName=[03] - CONNECTORS Member=Component P2 Female Header 14x2 2.54mm 10mm
Added Member To Class: ClassName=[03] - CONNECTORS Member=Component P3 Female Header 14x2 2.54mm 10mm
Added Member To Class: ClassName=[03] - CONNECTORS Member=Component P4 Female Header 14x2 2.54mm 10mm
Added Room: Name=[03] - CONNECTORS
Added Room: Name=[04] - LED MATRIX
Added Room: Name=[05] - MECHANICAL
