Added Component: Designator=D1(LED RGB)
Added Component: Designator=D2(LED RGB)
Added Component: Designator=D3(LED RGB)
Added Component: Designator=D4(LED RGB)
Added Component: Designator=D5(LED RGB)
Added Component: Designator=D6(LED RGB)
Added Component: Designator=D7(LED RGB)
Added Component: Designator=D8(LED RGB)
Added Component: Designator=D9(LED RGB)
Added Component: Designator=D10(LED RGB)
Added Component: Designator=D11(LED RGB)
Added Component: Designator=D12(LED RGB)
Added Component: Designator=D13(LED RGB)
Added Component: Designator=D14(LED RGB)
Added Component: Designator=D15(LED RGB)
Added Component: Designator=D16(LED RGB)
Added Component: Designator=D17(LED RGB)
Added Component: Designator=D18(LED RGB)
Added Component: Designator=D19(LED RGB)
Added Component: Designator=D20(LED RGB)
Added Component: Designator=D21(LED RGB)
Added Component: Designator=D22(LED RGB)
Added Component: Designator=D23(LED RGB)
Added Component: Designator=D24(LED RGB)
Added Component: Designator=D25(LED RGB)
Added Component: Designator=FID1(FID_40x120)
Added Component: Designator=FID2(FID_40x120)
Added Component: Designator=FID3(FID_40x120)
Added Component: Designator=FID4(FID_40x120)
Added Component: Designator=FID5(FID_40x120)
Added Component: Designator=FID6(FID_40x120)
Added Component: Designator=FID7(FID_40x120)
Added Component: Designator=FID8(FID_40x120)
Added Component: Designator=MH1(MH5)
Added Component: Designator=MH2(MH5)
Added Component: Designator=P1(Female Header 14x2 2.54mm 10mm)
Added Component: Designator=P2(Female Header 14x2 2.54mm 10mm)
Added Component: Designator=P3(Female Header 14x2 2.54mm 10mm)
Added Component: Designator=P4(Female Header 14x2 2.54mm 10mm)
Added Component: Designator=R1(R0201)
Added Component: Designator=R2(R0201)
Added Component: Designator=R3(R0201)
Added Component: Designator=R4(R0201)
Added Component: Designator=R5(R0201)
Added Component: Designator=R6(R0201)
Added Component: Designator=R7(R0201)
Added Component: Designator=R8(R0201)
Added Component: Designator=R9(R0201)
Added Component: Designator=R10(R0201)
Added Component: Designator=R11(R0201)
Added Component: Designator=R12(R0201)
Added Component: Designator=R13(R0201)
Added Component: Designator=R14(R0201)
Added Component: Designator=R15(R0201)
Added Component: Designator=R16(R0201)
Added Component: Designator=R17(R0201)
Added Component: Designator=R18(R0201)
Added Component: Designator=R19(R0201)
Added Component: Designator=R20(R0201)
Added Component: Designator=R21(R0201)
Added Component: Designator=R22(R0201)
Added Component: Designator=R23(R0201)
Added Component: Designator=R24(R0201)
Added Component: Designator=R25(R0201)
Added Component: Designator=R26(R0201)
Added Component: Designator=R27(R0201)
Added Component: Designator=R28(R0201)
Added Component: Designator=R29(R0201)
Added Component: Designator=R30(R0201)
Added Component: Designator=R31(R0201)
Added Component: Designator=R32(R0201)
Added Component: Designator=R33(R0201)
Added Component: Designator=R34(R0201)
Added Component: Designator=R35(R0201)
Added Component: Designator=R36(R0201)
Added Component: Designator=R37(R0201)
Added Component: Designator=R38(R0201)
Added Component: Designator=R39(R0201)
Added Component: Designator=R40(R0201)
Added Component: Designator=R41(R0201)
Added Component: Designator=R42(R0201)
Added Component: Designator=R43(R0201)
Added Component: Designator=R44(R0201)
Added Component: Designator=R45(R0201)
Added Component: Designator=R46(R0201)
Added Component: Designator=R47(R0201)
Added Component: Designator=R48(R0201)
Added Component: Designator=R49(R0201)
Added Component: Designator=R50(R0201)
Added Component: Designator=R51(R0201)
Added Component: Designator=R52(R0201)
Added Component: Designator=R53(R0201)
Added Component: Designator=R54(R0201)
Added Component: Designator=R55(R0201)
Added Component: Designator=R56(R0201)
Added Component: Designator=R57(R0201)
Added Component: Designator=R58(R0201)
Added Component: Designator=R59(R0201)
Added Component: Designator=R60(R0201)
Added Component: Designator=R61(R0201)
Added Component: Designator=R62(R0201)
Added Component: Designator=R63(R0201)
Added Component: Designator=R64(R0201)
Added Component: Designator=R65(R0201)
Added Component: Designator=R66(R0201)
Added Component: Designator=R67(R0201)
Added Component: Designator=R68(R0201)
Added Component: Designator=R69(R0201)
Added Component: Designator=R70(R0201)
Added Component: Designator=R71(R0201)
Added Component: Designator=R72(R0201)
Added Component: Designator=R73(R0201)
Added Component: Designator=R74(R0201)
Added Component: Designator=R75(R0201)
Added Component: Designator=TP1(TP_25MIL)
Added Component: Designator=TP2(TP_25MIL)
Added Component: Designator=TP3(TP_25MIL)
Added Pin To Net: NetName=+1V2 Pin=P4-19
Added Pin To Net: NetName=+1V2 Pin=P4-20
Added Pin To Net: NetName=+1V2 Pin=TP3-1
Added Net: Name=+1V2
Added Pin To Net: NetName=+3V3 Pin=D1-4
Added Pin To Net: NetName=+3V3 Pin=D2-4
Added Pin To Net: NetName=+3V3 Pin=D3-4
Added Pin To Net: NetName=+3V3 Pin=D4-4
Added Pin To Net: NetName=+3V3 Pin=D5-4
Added Pin To Net: NetName=+3V3 Pin=D6-4
Added Pin To Net: NetName=+3V3 Pin=D7-4
Added Pin To Net: NetName=+3V3 Pin=D8-4
Added Pin To Net: NetName=+3V3 Pin=D9-4
Added Pin To Net: NetName=+3V3 Pin=D10-4
Added Pin To Net: NetName=+3V3 Pin=D11-4
Added Pin To Net: NetName=+3V3 Pin=D12-4
Added Pin To Net: NetName=+3V3 Pin=D13-4
Added Pin To Net: NetName=+3V3 Pin=D14-4
Added Pin To Net: NetName=+3V3 Pin=D15-4
Added Pin To Net: NetName=+3V3 Pin=D16-4
Added Pin To Net: NetName=+3V3 Pin=D17-4
Added Pin To Net: NetName=+3V3 Pin=D18-4
Added Pin To Net: NetName=+3V3 Pin=D19-4
Added Pin To Net: NetName=+3V3 Pin=D20-4
Added Pin To Net: NetName=+3V3 Pin=D21-4
Added Pin To Net: NetName=+3V3 Pin=D22-4
Added Pin To Net: NetName=+3V3 Pin=D23-4
Added Pin To Net: NetName=+3V3 Pin=D24-4
Added Pin To Net: NetName=+3V3 Pin=D25-4
Added Pin To Net: NetName=+3V3 Pin=P1-27
Added Pin To Net: NetName=+3V3 Pin=P1-28
Added Pin To Net: NetName=+3V3 Pin=P2-28
Added Pin To Net: NetName=+3V3 Pin=P3-28
Added Pin To Net: NetName=+3V3 Pin=P4-27
Added Pin To Net: NetName=+3V3 Pin=P4-28
Added Pin To Net: NetName=+3V3 Pin=TP2-1
Added Net: Name=+3V3
Added Pin To Net: NetName=CLK0-LVDSCLK0P/INPUT-PCB_CLK Pin=P4-12
Added Net: Name=CLK0-LVDSCLK0P/INPUT-PCB_CLK
Added Pin To Net: NetName=CLK1-LVDSCLK0N/INPUT Pin=P4-11
Added Net: Name=CLK1-LVDSCLK0N/INPUT
Added Pin To Net: NetName=CLK2-LVDSCLK1P/INPUT Pin=P4-14
Added Net: Name=CLK2-LVDSCLK1P/INPUT
Added Pin To Net: NetName=CLK3-LVDSCLK1N/INPUT Pin=P4-13
Added Net: Name=CLK3-LVDSCLK1N/INPUT
Added Pin To Net: NetName=CLK4-LVDSCLK2P/INPUT Pin=P2-15
Added Net: Name=CLK4-LVDSCLK2P/INPUT
Added Pin To Net: NetName=CLK5-LVDSCLK2N/INPUT Pin=P2-14
Added Net: Name=CLK5-LVDSCLK2N/INPUT
Added Pin To Net: NetName=CLK6-LVDSCLK3P/INPUT Pin=P2-13
Added Net: Name=CLK6-LVDSCLK3P/INPUT
Added Pin To Net: NetName=CLK7-LVDSCLK3N/INPUT Pin=P2-12
Added Net: Name=CLK7-LVDSCLK3N/INPUT
Added Pin To Net: NetName=GND Pin=MH1-1
Added Pin To Net: NetName=GND Pin=MH2-1
Added Pin To Net: NetName=GND Pin=P1-25
Added Pin To Net: NetName=GND Pin=P1-26
Added Pin To Net: NetName=GND Pin=P2-1
Added Pin To Net: NetName=GND Pin=P2-2
Added Pin To Net: NetName=GND Pin=P2-26
Added Pin To Net: NetName=GND Pin=P2-27
Added Pin To Net: NetName=GND Pin=P3-1
Added Pin To Net: NetName=GND Pin=P3-2
Added Pin To Net: NetName=GND Pin=P3-26
Added Pin To Net: NetName=GND Pin=P3-27
Added Pin To Net: NetName=GND Pin=P4-1
Added Pin To Net: NetName=GND Pin=P4-2
Added Pin To Net: NetName=GND Pin=P4-8
Added Pin To Net: NetName=GND Pin=P4-9
Added Pin To Net: NetName=GND Pin=P4-10
Added Pin To Net: NetName=GND Pin=P4-25
Added Pin To Net: NetName=GND Pin=P4-26
Added Pin To Net: NetName=GND Pin=TP1-1
Added Net: Name=GND
Added Pin To Net: NetName=IO-LVDS3N Pin=P4-17
Added Pin To Net: NetName=IO-LVDS3N Pin=R74-2
Added Net: Name=IO-LVDS3N
Added Pin To Net: NetName=IO-LVDS3P Pin=P4-18
Added Pin To Net: NetName=IO-LVDS3P Pin=R67-2
Added Net: Name=IO-LVDS3P
Added Pin To Net: NetName=IO-LVDS4N Pin=P4-15
Added Pin To Net: NetName=IO-LVDS4N Pin=R66-2
Added Net: Name=IO-LVDS4N
Added Pin To Net: NetName=IO-LVDS4P Pin=P4-16
Added Pin To Net: NetName=IO-LVDS4P Pin=R59-2
Added Net: Name=IO-LVDS4P
Added Pin To Net: NetName=IO-LVDS5N-PCB_LED Pin=P4-7
Added Net: Name=IO-LVDS5N-PCB_LED
Added Pin To Net: NetName=IO-LVDS5P Pin=P4-6
Added Pin To Net: NetName=IO-LVDS5P Pin=R73-2
Added Net: Name=IO-LVDS5P
Added Pin To Net: NetName=IO-LVDS9N-CLKUSR Pin=P4-4
Added Pin To Net: NetName=IO-LVDS9N-CLKUSR Pin=R58-2
Added Net: Name=IO-LVDS9N-CLKUSR
Added Pin To Net: NetName=IO-LVDS9P-CRC_ERROR-PCB_LED Pin=P4-3
Added Pin To Net: NetName=IO-LVDS9P-CRC_ERROR-PCB_LED Pin=R65-2
Added Net: Name=IO-LVDS9P-CRC_ERROR-PCB_LED
Added Pin To Net: NetName=IO-LVDS10N-PCB_RESET Pin=P3-25
Added Net: Name=IO-LVDS10N-PCB_RESET
Added Pin To Net: NetName=IO-LVDS10P Pin=P3-24
Added Pin To Net: NetName=IO-LVDS10P Pin=R72-2
Added Net: Name=IO-LVDS10P
Added Pin To Net: NetName=IO-LVDS11N-DEV_CLRN Pin=P3-23
Added Pin To Net: NetName=IO-LVDS11N-DEV_CLRN Pin=R57-2
Added Net: Name=IO-LVDS11N-DEV_CLRN
Added Pin To Net: NetName=IO-LVDS11P Pin=P3-22
Added Pin To Net: NetName=IO-LVDS11P Pin=R64-2
Added Net: Name=IO-LVDS11P
Added Pin To Net: NetName=IO-LVDS12N Pin=P3-20
Added Pin To Net: NetName=IO-LVDS12N Pin=R56-2
Added Net: Name=IO-LVDS12N
Added Pin To Net: NetName=IO-LVDS12P Pin=P3-21
Added Pin To Net: NetName=IO-LVDS12P Pin=R71-2
Added Net: Name=IO-LVDS12P
Added Pin To Net: NetName=IO-LVDS13N Pin=P3-18
Added Pin To Net: NetName=IO-LVDS13N Pin=R70-2
Added Net: Name=IO-LVDS13N
Added Pin To Net: NetName=IO-LVDS13P Pin=P3-19
Added Pin To Net: NetName=IO-LVDS13P Pin=R63-2
Added Net: Name=IO-LVDS13P
Added Pin To Net: NetName=IO-LVDS17N Pin=P3-16
Added Pin To Net: NetName=IO-LVDS17N Pin=R62-2
Added Net: Name=IO-LVDS17N
Added Pin To Net: NetName=IO-LVDS17P Pin=P3-17
Added Pin To Net: NetName=IO-LVDS17P Pin=R55-2
Added Net: Name=IO-LVDS17P
Added Pin To Net: NetName=IO-LVDS21N Pin=P3-12
Added Pin To Net: NetName=IO-LVDS21N Pin=R54-2
Added Net: Name=IO-LVDS21N
Added Pin To Net: NetName=IO-LVDS21P Pin=P3-13
Added Pin To Net: NetName=IO-LVDS21P Pin=R45-2
Added Net: Name=IO-LVDS21P
Added Pin To Net: NetName=IO-LVDS24N Pin=P3-10
Added Pin To Net: NetName=IO-LVDS24N Pin=R44-2
Added Net: Name=IO-LVDS24N
Added Pin To Net: NetName=IO-LVDS24P Pin=P3-11
Added Pin To Net: NetName=IO-LVDS24P Pin=R35-2
Added Net: Name=IO-LVDS24P
Added Pin To Net: NetName=IO-LVDS25N Pin=P3-7
Added Pin To Net: NetName=IO-LVDS25N Pin=R43-2
Added Net: Name=IO-LVDS25N
Added Pin To Net: NetName=IO-LVDS25P Pin=P3-8
Added Pin To Net: NetName=IO-LVDS25P Pin=R34-2
Added Net: Name=IO-LVDS25P
Added Pin To Net: NetName=IO-LVDS27N Pin=P3-5
Added Pin To Net: NetName=IO-LVDS27N Pin=R33-2
Added Net: Name=IO-LVDS27N
Added Pin To Net: NetName=IO-LVDS27P Pin=P3-6
Added Pin To Net: NetName=IO-LVDS27P Pin=R52-2
Added Net: Name=IO-LVDS27P
Added Pin To Net: NetName=IO-LVDS28N Pin=P3-3
Added Pin To Net: NetName=IO-LVDS28N Pin=R51-2
Added Net: Name=IO-LVDS28N
Added Pin To Net: NetName=IO-LVDS28P Pin=P3-4
Added Pin To Net: NetName=IO-LVDS28P Pin=R42-2
Added Net: Name=IO-LVDS28P
Added Pin To Net: NetName=IO-LVDS30N Pin=P2-22
Added Pin To Net: NetName=IO-LVDS30N Pin=R31-2
Added Net: Name=IO-LVDS30N
Added Pin To Net: NetName=IO-LVDS30P Pin=P2-23
Added Pin To Net: NetName=IO-LVDS30P Pin=R50-2
Added Net: Name=IO-LVDS30P
Added Pin To Net: NetName=IO-LVDS33N Pin=P2-20
Added Pin To Net: NetName=IO-LVDS33N Pin=R49-2
Added Net: Name=IO-LVDS33N
Added Pin To Net: NetName=IO-LVDS34N Pin=P2-18
Added Pin To Net: NetName=IO-LVDS34N Pin=R39-2
Added Net: Name=IO-LVDS34N
Added Pin To Net: NetName=IO-LVDS34P Pin=P2-19
Added Pin To Net: NetName=IO-LVDS34P Pin=R30-2
Added Net: Name=IO-LVDS34P
Added Pin To Net: NetName=IO-LVDS35N Pin=P2-16
Added Pin To Net: NetName=IO-LVDS35N Pin=R29-2
Added Net: Name=IO-LVDS35N
Added Pin To Net: NetName=IO-LVDS35P Pin=P2-17
Added Pin To Net: NetName=IO-LVDS35P Pin=R48-2
Added Net: Name=IO-LVDS35P
Added Pin To Net: NetName=IO-LVDS36N Pin=P2-10
Added Pin To Net: NetName=IO-LVDS36N Pin=R47-2
Added Net: Name=IO-LVDS36N
Added Pin To Net: NetName=IO-LVDS36P Pin=P2-11
Added Pin To Net: NetName=IO-LVDS36P Pin=R38-2
Added Net: Name=IO-LVDS36P
Added Pin To Net: NetName=IO-LVDS37N Pin=P2-8
Added Pin To Net: NetName=IO-LVDS37N Pin=R37-2
Added Net: Name=IO-LVDS37N
Added Pin To Net: NetName=IO-LVDS37P Pin=P2-9
Added Pin To Net: NetName=IO-LVDS37P Pin=R28-2
Added Net: Name=IO-LVDS37P
Added Pin To Net: NetName=IO-LVDS41N-INIT_DONE Pin=P2-5
Added Pin To Net: NetName=IO-LVDS41N-INIT_DONE Pin=R18-2
Added Net: Name=IO-LVDS41N-INIT_DONE
Added Pin To Net: NetName=IO-LVDS41P-NCEO Pin=P2-6
Added Pin To Net: NetName=IO-LVDS41P-NCEO Pin=R9-2
Added Net: Name=IO-LVDS41P-NCEO
Added Pin To Net: NetName=IO-LVDS42N-PCB_RC Pin=P2-3
Added Net: Name=IO-LVDS42N-PCB_RC
Added Pin To Net: NetName=IO-LVDS42P Pin=P2-4
Added Pin To Net: NetName=IO-LVDS42P Pin=R27-2
Added Net: Name=IO-LVDS42P
Added Pin To Net: NetName=IO-LVDS43N Pin=P1-24
Added Pin To Net: NetName=IO-LVDS43N Pin=R8-2
Added Net: Name=IO-LVDS43N
Added Pin To Net: NetName=IO-LVDS43P Pin=P1-23
Added Pin To Net: NetName=IO-LVDS43P Pin=R17-2
Added Net: Name=IO-LVDS43P
Added Pin To Net: NetName=IO-LVDS44N Pin=P1-22
Added Pin To Net: NetName=IO-LVDS44N Pin=R26-2
Added Net: Name=IO-LVDS44N
Added Pin To Net: NetName=IO-LVDS44P Pin=P1-21
Added Pin To Net: NetName=IO-LVDS44P Pin=R7-2
Added Net: Name=IO-LVDS44P
Added Pin To Net: NetName=IO-LVDS45N Pin=P1-20
Added Pin To Net: NetName=IO-LVDS45N Pin=R16-2
Added Net: Name=IO-LVDS45N
Added Pin To Net: NetName=IO-LVDS46N Pin=P1-19
Added Pin To Net: NetName=IO-LVDS46N Pin=R25-2
Added Net: Name=IO-LVDS46N
Added Pin To Net: NetName=IO-LVDS46P Pin=P1-18
Added Pin To Net: NetName=IO-LVDS46P Pin=R6-2
Added Net: Name=IO-LVDS46P
Added Pin To Net: NetName=IO-LVDS51N Pin=P1-16
Added Pin To Net: NetName=IO-LVDS51N Pin=R24-2
Added Net: Name=IO-LVDS51N
Added Pin To Net: NetName=IO-LVDS51P Pin=P1-15
Added Pin To Net: NetName=IO-LVDS51P Pin=R5-2
Added Net: Name=IO-LVDS51P
Added Pin To Net: NetName=IO-LVDS52N Pin=P1-14
Added Pin To Net: NetName=IO-LVDS52N Pin=R14-2
Added Net: Name=IO-LVDS52N
Added Pin To Net: NetName=IO-LVDS52P Pin=P1-13
Added Pin To Net: NetName=IO-LVDS52P Pin=R23-2
Added Net: Name=IO-LVDS52P
Added Pin To Net: NetName=IO-LVDS53N Pin=P1-12
Added Pin To Net: NetName=IO-LVDS53N Pin=R4-2
Added Net: Name=IO-LVDS53N
Added Pin To Net: NetName=IO-LVDS53P Pin=P1-11
Added Pin To Net: NetName=IO-LVDS53P Pin=R13-2
Added Net: Name=IO-LVDS53P
Added Pin To Net: NetName=IO-LVDS54P Pin=P1-10
Added Pin To Net: NetName=IO-LVDS54P Pin=R22-2
Added Net: Name=IO-LVDS54P
Added Pin To Net: NetName=IO-LVDS55N Pin=P1-8
Added Pin To Net: NetName=IO-LVDS55N Pin=R12-2
Added Net: Name=IO-LVDS55N
Added Pin To Net: NetName=IO-LVDS55P Pin=P1-7
Added Pin To Net: NetName=IO-LVDS55P Pin=R21-2
Added Net: Name=IO-LVDS55P
Added Pin To Net: NetName=IO-LVDS56N Pin=P1-6
Added Pin To Net: NetName=IO-LVDS56N Pin=R2-2
Added Net: Name=IO-LVDS56N
Added Pin To Net: NetName=IO-LVDS56P Pin=P1-5
Added Pin To Net: NetName=IO-LVDS56P Pin=R11-2
Added Net: Name=IO-LVDS56P
Added Pin To Net: NetName=IO-LVDS57N Pin=P1-4
Added Pin To Net: NetName=IO-LVDS57N Pin=R20-2
Added Net: Name=IO-LVDS57N
Added Pin To Net: NetName=IO-LVDS57P Pin=P1-3
Added Pin To Net: NetName=IO-LVDS57P Pin=R1-2
Added Net: Name=IO-LVDS57P
Added Pin To Net: NetName=IO-LVDS58N-DEV_OE Pin=P1-1
Added Pin To Net: NetName=IO-LVDS58N-DEV_OE Pin=R19-2
Added Net: Name=IO-LVDS58N-DEV_OE
Added Pin To Net: NetName=IO-LVDS58P Pin=P1-2
Added Pin To Net: NetName=IO-LVDS58P Pin=R10-2
Added Net: Name=IO-LVDS58P
Added Pin To Net: NetName=IO-PLL1_OUTN Pin=P4-23
Added Pin To Net: NetName=IO-PLL1_OUTN Pin=R68-2
Added Net: Name=IO-PLL1_OUTN
Added Pin To Net: NetName=IO-PLL1_OUTP Pin=P4-24
Added Pin To Net: NetName=IO-PLL1_OUTP Pin=R61-2
Added Net: Name=IO-PLL1_OUTP
Added Pin To Net: NetName=IO-PLL2_OUTN Pin=P2-25
Added Pin To Net: NetName=IO-PLL2_OUTN Pin=R32-2
Added Net: Name=IO-PLL2_OUTN
Added Pin To Net: NetName=IO-PLL2_OUTP Pin=P2-24
Added Pin To Net: NetName=IO-PLL2_OUTP Pin=R41-2
Added Net: Name=IO-PLL2_OUTP
Added Pin To Net: NetName=IO-VREFB1N0-PCB_LED Pin=P4-5
Added Net: Name=IO-VREFB1N0-PCB_LED
Added Pin To Net: NetName=IO-VREFB1N1 Pin=P4-22
Added Pin To Net: NetName=IO-VREFB1N1 Pin=R75-2
Added Net: Name=IO-VREFB1N1
Added Pin To Net: NetName=IO-VREFB2N0 Pin=P3-9
Added Pin To Net: NetName=IO-VREFB2N0 Pin=R53-2
Added Net: Name=IO-VREFB2N0
Added Pin To Net: NetName=IO-VREFB2N1 Pin=P3-15
Added Pin To Net: NetName=IO-VREFB2N1 Pin=R69-2
Added Net: Name=IO-VREFB2N1
Added Pin To Net: NetName=IO-VREFB3N0 Pin=P2-21
Added Pin To Net: NetName=IO-VREFB3N0 Pin=R40-2
Added Net: Name=IO-VREFB3N0
Added Pin To Net: NetName=IO-VREFB3N1 Pin=P2-7
Added Pin To Net: NetName=IO-VREFB3N1 Pin=R46-2
Added Net: Name=IO-VREFB3N1
Added Pin To Net: NetName=IO-VREFB4N0 Pin=P1-17
Added Pin To Net: NetName=IO-VREFB4N0 Pin=R15-2
Added Net: Name=IO-VREFB4N0
Added Pin To Net: NetName=IO-VREFB4N1 Pin=P1-9
Added Pin To Net: NetName=IO-VREFB4N1 Pin=R3-2
Added Net: Name=IO-VREFB4N1
Added Pin To Net: NetName=IO Pin=P3-14
Added Pin To Net: NetName=IO Pin=P4-21
Added Pin To Net: NetName=IO Pin=R36-2
Added Pin To Net: NetName=IO Pin=R60-2
Added Net: Name=IO
Added Pin To Net: NetName=NetD1_1 Pin=D1-1
Added Pin To Net: NetName=NetD1_1 Pin=R1-1
Added Net: Name=NetD1_1
Added Pin To Net: NetName=NetD1_2 Pin=D1-2
Added Pin To Net: NetName=NetD1_2 Pin=R10-1
Added Net: Name=NetD1_2
Added Pin To Net: NetName=NetD1_3 Pin=D1-3
Added Pin To Net: NetName=NetD1_3 Pin=R19-1
Added Net: Name=NetD1_3
Added Pin To Net: NetName=NetD2_1 Pin=D2-1
Added Pin To Net: NetName=NetD2_1 Pin=R2-1
Added Net: Name=NetD2_1
Added Pin To Net: NetName=NetD2_2 Pin=D2-2
Added Pin To Net: NetName=NetD2_2 Pin=R11-1
Added Net: Name=NetD2_2
Added Pin To Net: NetName=NetD2_3 Pin=D2-3
Added Pin To Net: NetName=NetD2_3 Pin=R20-1
Added Net: Name=NetD2_3
Added Pin To Net: NetName=NetD3_1 Pin=D3-1
Added Pin To Net: NetName=NetD3_1 Pin=R3-1
Added Net: Name=NetD3_1
Added Pin To Net: NetName=NetD3_2 Pin=D3-2
Added Pin To Net: NetName=NetD3_2 Pin=R12-1
Added Net: Name=NetD3_2
Added Pin To Net: NetName=NetD3_3 Pin=D3-3
Added Pin To Net: NetName=NetD3_3 Pin=R21-1
Added Net: Name=NetD3_3
Added Pin To Net: NetName=NetD4_1 Pin=D4-1
Added Pin To Net: NetName=NetD4_1 Pin=R4-1
Added Net: Name=NetD4_1
Added Pin To Net: NetName=NetD4_2 Pin=D4-2
Added Pin To Net: NetName=NetD4_2 Pin=R13-1
Added Net: Name=NetD4_2
Added Pin To Net: NetName=NetD4_3 Pin=D4-3
Added Pin To Net: NetName=NetD4_3 Pin=R22-1
Added Net: Name=NetD4_3
Added Pin To Net: NetName=NetD5_1 Pin=D5-1
Added Pin To Net: NetName=NetD5_1 Pin=R5-1
Added Net: Name=NetD5_1
Added Pin To Net: NetName=NetD5_2 Pin=D5-2
Added Pin To Net: NetName=NetD5_2 Pin=R14-1
Added Net: Name=NetD5_2
Added Pin To Net: NetName=NetD5_3 Pin=D5-3
Added Pin To Net: NetName=NetD5_3 Pin=R23-1
Added Net: Name=NetD5_3
Added Pin To Net: NetName=NetD6_1 Pin=D6-1
Added Pin To Net: NetName=NetD6_1 Pin=R6-1
Added Net: Name=NetD6_1
Added Pin To Net: NetName=NetD6_2 Pin=D6-2
Added Pin To Net: NetName=NetD6_2 Pin=R15-1
Added Net: Name=NetD6_2
Added Pin To Net: NetName=NetD6_3 Pin=D6-3
Added Pin To Net: NetName=NetD6_3 Pin=R24-1
Added Net: Name=NetD6_3
Added Pin To Net: NetName=NetD7_1 Pin=D7-1
Added Pin To Net: NetName=NetD7_1 Pin=R7-1
Added Net: Name=NetD7_1
Added Pin To Net: NetName=NetD7_2 Pin=D7-2
Added Pin To Net: NetName=NetD7_2 Pin=R16-1
Added Net: Name=NetD7_2
Added Pin To Net: NetName=NetD7_3 Pin=D7-3
Added Pin To Net: NetName=NetD7_3 Pin=R25-1
Added Net: Name=NetD7_3
Added Pin To Net: NetName=NetD8_1 Pin=D8-1
Added Pin To Net: NetName=NetD8_1 Pin=R8-1
Added Net: Name=NetD8_1
Added Pin To Net: NetName=NetD8_2 Pin=D8-2
Added Pin To Net: NetName=NetD8_2 Pin=R17-1
Added Net: Name=NetD8_2
Added Pin To Net: NetName=NetD8_3 Pin=D8-3
Added Pin To Net: NetName=NetD8_3 Pin=R26-1
Added Net: Name=NetD8_3
Added Pin To Net: NetName=NetD9_1 Pin=D9-1
Added Pin To Net: NetName=NetD9_1 Pin=R9-1
Added Net: Name=NetD9_1
Added Pin To Net: NetName=NetD9_2 Pin=D9-2
Added Pin To Net: NetName=NetD9_2 Pin=R18-1
Added Net: Name=NetD9_2
Added Pin To Net: NetName=NetD9_3 Pin=D9-3
Added Pin To Net: NetName=NetD9_3 Pin=R27-1
Added Net: Name=NetD9_3
Added Pin To Net: NetName=NetD10_1 Pin=D10-1
Added Pin To Net: NetName=NetD10_1 Pin=R28-1
Added Net: Name=NetD10_1
Added Pin To Net: NetName=NetD10_2 Pin=D10-2
Added Pin To Net: NetName=NetD10_2 Pin=R37-1
Added Net: Name=NetD10_2
Added Pin To Net: NetName=NetD10_3 Pin=D10-3
Added Pin To Net: NetName=NetD10_3 Pin=R46-1
Added Net: Name=NetD10_3
Added Pin To Net: NetName=NetD11_1 Pin=D11-1
Added Pin To Net: NetName=NetD11_1 Pin=R29-1
Added Net: Name=NetD11_1
Added Pin To Net: NetName=NetD11_2 Pin=D11-2
Added Pin To Net: NetName=NetD11_2 Pin=R38-1
Added Net: Name=NetD11_2
Added Pin To Net: NetName=NetD11_3 Pin=D11-3
Added Pin To Net: NetName=NetD11_3 Pin=R47-1
Added Net: Name=NetD11_3
Added Pin To Net: NetName=NetD12_1 Pin=D12-1
Added Pin To Net: NetName=NetD12_1 Pin=R30-1
Added Net: Name=NetD12_1
Added Pin To Net: NetName=NetD12_2 Pin=D12-2
Added Pin To Net: NetName=NetD12_2 Pin=R39-1
Added Net: Name=NetD12_2
Added Pin To Net: NetName=NetD12_3 Pin=D12-3
Added Pin To Net: NetName=NetD12_3 Pin=R48-1
Added Net: Name=NetD12_3
Added Pin To Net: NetName=NetD13_1 Pin=D13-1
Added Pin To Net: NetName=NetD13_1 Pin=R31-1
Added Net: Name=NetD13_1
Added Pin To Net: NetName=NetD13_2 Pin=D13-2
Added Pin To Net: NetName=NetD13_2 Pin=R40-1
Added Net: Name=NetD13_2
Added Pin To Net: NetName=NetD13_3 Pin=D13-3
Added Pin To Net: NetName=NetD13_3 Pin=R49-1
Added Net: Name=NetD13_3
Added Pin To Net: NetName=NetD14_1 Pin=D14-1
Added Pin To Net: NetName=NetD14_1 Pin=R32-1
Added Net: Name=NetD14_1
Added Pin To Net: NetName=NetD14_2 Pin=D14-2
Added Pin To Net: NetName=NetD14_2 Pin=R41-1
Added Net: Name=NetD14_2
Added Pin To Net: NetName=NetD14_3 Pin=D14-3
Added Pin To Net: NetName=NetD14_3 Pin=R50-1
Added Net: Name=NetD14_3
Added Pin To Net: NetName=NetD15_1 Pin=D15-1
Added Pin To Net: NetName=NetD15_1 Pin=R33-1
Added Net: Name=NetD15_1
Added Pin To Net: NetName=NetD15_2 Pin=D15-2
Added Pin To Net: NetName=NetD15_2 Pin=R42-1
Added Net: Name=NetD15_2
Added Pin To Net: NetName=NetD15_3 Pin=D15-3
Added Pin To Net: NetName=NetD15_3 Pin=R51-1
Added Net: Name=NetD15_3
Added Pin To Net: NetName=NetD16_1 Pin=D16-1
Added Pin To Net: NetName=NetD16_1 Pin=R34-1
Added Net: Name=NetD16_1
Added Pin To Net: NetName=NetD16_2 Pin=D16-2
Added Pin To Net: NetName=NetD16_2 Pin=R43-1
Added Net: Name=NetD16_2
Added Pin To Net: NetName=NetD16_3 Pin=D16-3
Added Pin To Net: NetName=NetD16_3 Pin=R52-1
Added Net: Name=NetD16_3
Added Pin To Net: NetName=NetD17_1 Pin=D17-1
Added Pin To Net: NetName=NetD17_1 Pin=R35-1
Added Net: Name=NetD17_1
Added Pin To Net: NetName=NetD17_2 Pin=D17-2
Added Pin To Net: NetName=NetD17_2 Pin=R44-1
Added Net: Name=NetD17_2
Added Pin To Net: NetName=NetD17_3 Pin=D17-3
Added Pin To Net: NetName=NetD17_3 Pin=R53-1
Added Net: Name=NetD17_3
Added Pin To Net: NetName=NetD18_1 Pin=D18-1
Added Pin To Net: NetName=NetD18_1 Pin=R36-1
Added Net: Name=NetD18_1
Added Pin To Net: NetName=NetD18_2 Pin=D18-2
Added Pin To Net: NetName=NetD18_2 Pin=R45-1
Added Net: Name=NetD18_2
Added Pin To Net: NetName=NetD18_3 Pin=D18-3
Added Pin To Net: NetName=NetD18_3 Pin=R54-1
Added Net: Name=NetD18_3
Added Pin To Net: NetName=NetD19_1 Pin=D19-1
Added Pin To Net: NetName=NetD19_1 Pin=R55-1
Added Net: Name=NetD19_1
Added Pin To Net: NetName=NetD19_2 Pin=D19-2
Added Pin To Net: NetName=NetD19_2 Pin=R62-1
Added Net: Name=NetD19_2
Added Pin To Net: NetName=NetD19_3 Pin=D19-3
Added Pin To Net: NetName=NetD19_3 Pin=R69-1
Added Net: Name=NetD19_3
Added Pin To Net: NetName=NetD20_1 Pin=D20-1
Added Pin To Net: NetName=NetD20_1 Pin=R56-1
Added Net: Name=NetD20_1
Added Pin To Net: NetName=NetD20_2 Pin=D20-2
Added Pin To Net: NetName=NetD20_2 Pin=R63-1
Added Net: Name=NetD20_2
Added Pin To Net: NetName=NetD20_3 Pin=D20-3
Added Pin To Net: NetName=NetD20_3 Pin=R70-1
Added Net: Name=NetD20_3
Added Pin To Net: NetName=NetD21_1 Pin=D21-1
Added Pin To Net: NetName=NetD21_1 Pin=R57-1
Added Net: Name=NetD21_1
Added Pin To Net: NetName=NetD21_2 Pin=D21-2
Added Pin To Net: NetName=NetD21_2 Pin=R64-1
Added Net: Name=NetD21_2
Added Pin To Net: NetName=NetD21_3 Pin=D21-3
Added Pin To Net: NetName=NetD21_3 Pin=R71-1
Added Net: Name=NetD21_3
Added Pin To Net: NetName=NetD22_1 Pin=D22-1
Added Pin To Net: NetName=NetD22_1 Pin=R58-1
Added Net: Name=NetD22_1
Added Pin To Net: NetName=NetD22_2 Pin=D22-2
Added Pin To Net: NetName=NetD22_2 Pin=R65-1
Added Net: Name=NetD22_2
Added Pin To Net: NetName=NetD22_3 Pin=D22-3
Added Pin To Net: NetName=NetD22_3 Pin=R72-1
Added Net: Name=NetD22_3
Added Pin To Net: NetName=NetD23_1 Pin=D23-1
Added Pin To Net: NetName=NetD23_1 Pin=R59-1
Added Net: Name=NetD23_1
Added Pin To Net: NetName=NetD23_2 Pin=D23-2
Added Pin To Net: NetName=NetD23_2 Pin=R66-1
Added Net: Name=NetD23_2
Added Pin To Net: NetName=NetD23_3 Pin=D23-3
Added Pin To Net: NetName=NetD23_3 Pin=R73-1
Added Net: Name=NetD23_3
Added Pin To Net: NetName=NetD24_1 Pin=D24-1
Added Pin To Net: NetName=NetD24_1 Pin=R60-1
Added Net: Name=NetD24_1
Added Pin To Net: NetName=NetD24_2 Pin=D24-2
Added Pin To Net: NetName=NetD24_2 Pin=R67-1
Added Net: Name=NetD24_2
Added Pin To Net: NetName=NetD24_3 Pin=D24-3
Added Pin To Net: NetName=NetD24_3 Pin=R74-1
Added Net: Name=NetD24_3
Added Pin To Net: NetName=NetD25_1 Pin=D25-1
Added Pin To Net: NetName=NetD25_1 Pin=R61-1
Added Net: Name=NetD25_1
Added Pin To Net: NetName=NetD25_2 Pin=D25-2
Added Pin To Net: NetName=NetD25_2 Pin=R68-1
Added Net: Name=NetD25_2
Added Pin To Net: NetName=NetD25_3 Pin=D25-3
Added Pin To Net: NetName=NetD25_3 Pin=R75-1
Added Net: Name=NetD25_3
Added Class: Name=[03] - CONNECTORS
Added Class: Name=[04] - LED MATRIX
Added Class: Name=[05] - MECHANICAL
Added Room: Name=[03] - CONNECTORS
Added Room: Name=[04] - LED MATRIX
Added Room: Name=[05] - MECHANICAL
