Analysis & Synthesis report for rgb_led_cromatic
Sat Oct 07 15:43:06 2017
Quartus II 64-Bit Version 13.0.1 Build 232 06/12/2013 Service Pack 1 SJ Web Edition


---------------------
; Table of Contents ;
---------------------
  1. Legal Notice
  2. Analysis & Synthesis Summary
  3. Analysis & Synthesis Settings
  4. Parallel Compilation
  5. Analysis & Synthesis Source Files Read
  6. Analysis & Synthesis Resource Usage Summary
  7. Analysis & Synthesis Resource Utilization by Entity
  8. User-Specified and Inferred Latches
  9. Registers Removed During Synthesis
 10. General Register Statistics
 11. Multiplexer Restructuring Statistics (Restructuring Performed)
 12. Parameter Settings for User Entity Instance: cromatic:cromatic_1
 13. Port Connectivity Checks: "debouncer:debouncer_1"
 14. Elapsed Time Per Partition
 15. Analysis & Synthesis Messages
 16. Analysis & Synthesis Suppressed Messages



----------------
; Legal Notice ;
----------------
Copyright (C) 1991-2013 Altera Corporation
Your use of Altera Corporation's design tools, logic functions 
and other software and tools, and its AMPP partner logic 
functions, and any output files from any of the foregoing 
(including device programming or simulation files), and any 
associated documentation or information are expressly subject 
to the terms and conditions of the Altera Program License 
Subscription Agreement, Altera MegaCore Function License 
Agreement, or other applicable license agreement, including, 
without limitation, that your use is for the sole purpose of 
programming logic devices manufactured by Altera and sold by 
Altera or its authorized distributors.  Please refer to the 
applicable agreement for further details.



+--------------------------------------------------------------------------------------+
; Analysis & Synthesis Summary                                                         ;
+------------------------------------+-------------------------------------------------+
; Analysis & Synthesis Status        ; Successful - Sat Oct 07 15:43:05 2017           ;
; Quartus II 64-Bit Version          ; 13.0.1 Build 232 06/12/2013 SP 1 SJ Web Edition ;
; Revision Name                      ; rgb_led_cromatic                                ;
; Top-level Entity Name              ; rgb_led_cromatic                                ;
; Family                             ; Cyclone II                                      ;
; Total logic elements               ; 113                                             ;
;     Total combinational functions  ; 109                                             ;
;     Dedicated logic registers      ; 58                                              ;
; Total registers                    ; 58                                              ;
; Total pins                         ; 77                                              ;
; Total virtual pins                 ; 0                                               ;
; Total memory bits                  ; 0                                               ;
; Embedded Multiplier 9-bit elements ; 0                                               ;
; Total PLLs                         ; 0                                               ;
+------------------------------------+-------------------------------------------------+


+----------------------------------------------------------------------------------------------------------------------+
; Analysis & Synthesis Settings                                                                                        ;
+----------------------------------------------------------------------------+--------------------+--------------------+
; Option                                                                     ; Setting            ; Default Value      ;
+----------------------------------------------------------------------------+--------------------+--------------------+
; Device                                                                     ; EP2C5T144C8        ;                    ;
; Top-level entity name                                                      ; rgb_led_cromatic   ; rgb_led_cromatic   ;
; Family name                                                                ; Cyclone II         ; Cyclone IV GX      ;
; Use smart compilation                                                      ; Off                ; Off                ;
; Enable parallel Assembler and TimeQuest Timing Analyzer during compilation ; On                 ; On                 ;
; Enable compact report table                                                ; Off                ; Off                ;
; Restructure Multiplexers                                                   ; Auto               ; Auto               ;
; Create Debugging Nodes for IP Cores                                        ; Off                ; Off                ;
; Preserve fewer node names                                                  ; On                 ; On                 ;
; Disable OpenCore Plus hardware evaluation                                  ; Off                ; Off                ;
; Verilog Version                                                            ; Verilog_2001       ; Verilog_2001       ;
; VHDL Version                                                               ; VHDL_1993          ; VHDL_1993          ;
; State Machine Processing                                                   ; Auto               ; Auto               ;
; Safe State Machine                                                         ; Off                ; Off                ;
; Extract Verilog State Machines                                             ; On                 ; On                 ;
; Extract VHDL State Machines                                                ; On                 ; On                 ;
; Ignore Verilog initial constructs                                          ; Off                ; Off                ;
; Iteration limit for constant Verilog loops                                 ; 5000               ; 5000               ;
; Iteration limit for non-constant Verilog loops                             ; 250                ; 250                ;
; Add Pass-Through Logic to Inferred RAMs                                    ; On                 ; On                 ;
; Infer RAMs from Raw Logic                                                  ; On                 ; On                 ;
; Parallel Synthesis                                                         ; On                 ; On                 ;
; DSP Block Balancing                                                        ; Auto               ; Auto               ;
; NOT Gate Push-Back                                                         ; On                 ; On                 ;
; Power-Up Don't Care                                                        ; On                 ; On                 ;
; Remove Redundant Logic Cells                                               ; Off                ; Off                ;
; Remove Duplicate Registers                                                 ; On                 ; On                 ;
; Ignore CARRY Buffers                                                       ; Off                ; Off                ;
; Ignore CASCADE Buffers                                                     ; Off                ; Off                ;
; Ignore GLOBAL Buffers                                                      ; Off                ; Off                ;
; Ignore ROW GLOBAL Buffers                                                  ; Off                ; Off                ;
; Ignore LCELL Buffers                                                       ; Off                ; Off                ;
; Ignore SOFT Buffers                                                        ; On                 ; On                 ;
; Limit AHDL Integers to 32 Bits                                             ; Off                ; Off                ;
; Optimization Technique                                                     ; Balanced           ; Balanced           ;
; Carry Chain Length                                                         ; 70                 ; 70                 ;
; Auto Carry Chains                                                          ; On                 ; On                 ;
; Auto Open-Drain Pins                                                       ; On                 ; On                 ;
; Perform WYSIWYG Primitive Resynthesis                                      ; Off                ; Off                ;
; Auto ROM Replacement                                                       ; On                 ; On                 ;
; Auto RAM Replacement                                                       ; On                 ; On                 ;
; Auto Shift Register Replacement                                            ; Auto               ; Auto               ;
; Allow Shift Register Merging across Hierarchies                            ; Auto               ; Auto               ;
; Auto Clock Enable Replacement                                              ; On                 ; On                 ;
; Strict RAM Replacement                                                     ; Off                ; Off                ;
; Allow Synchronous Control Signals                                          ; On                 ; On                 ;
; Force Use of Synchronous Clear Signals                                     ; Off                ; Off                ;
; Auto RAM to Logic Cell Conversion                                          ; Off                ; Off                ;
; Auto Resource Sharing                                                      ; Off                ; Off                ;
; Allow Any RAM Size For Recognition                                         ; Off                ; Off                ;
; Allow Any ROM Size For Recognition                                         ; Off                ; Off                ;
; Allow Any Shift Register Size For Recognition                              ; Off                ; Off                ;
; Use LogicLock Constraints during Resource Balancing                        ; On                 ; On                 ;
; Ignore translate_off and synthesis_off directives                          ; Off                ; Off                ;
; Timing-Driven Synthesis                                                    ; Off                ; Off                ;
; Report Parameter Settings                                                  ; On                 ; On                 ;
; Report Source Assignments                                                  ; On                 ; On                 ;
; Report Connectivity Checks                                                 ; On                 ; On                 ;
; Ignore Maximum Fan-Out Assignments                                         ; Off                ; Off                ;
; Synchronization Register Chain Length                                      ; 2                  ; 2                  ;
; PowerPlay Power Optimization                                               ; Normal compilation ; Normal compilation ;
; HDL message level                                                          ; Level2             ; Level2             ;
; Suppress Register Optimization Related Messages                            ; Off                ; Off                ;
; Number of Removed Registers Reported in Synthesis Report                   ; 5000               ; 5000               ;
; Number of Swept Nodes Reported in Synthesis Report                         ; 5000               ; 5000               ;
; Number of Inverted Registers Reported in Synthesis Report                  ; 100                ; 100                ;
; Clock MUX Protection                                                       ; On                 ; On                 ;
; Auto Gated Clock Conversion                                                ; Off                ; Off                ;
; Block Design Naming                                                        ; Auto               ; Auto               ;
; SDC constraint protection                                                  ; Off                ; Off                ;
; Synthesis Effort                                                           ; Auto               ; Auto               ;
; Shift Register Replacement - Allow Asynchronous Clear Signal               ; On                 ; On                 ;
; Pre-Mapping Resynthesis Optimization                                       ; Off                ; Off                ;
; Analysis & Synthesis Message Level                                         ; Medium             ; Medium             ;
; Disable Register Merging Across Hierarchies                                ; Auto               ; Auto               ;
; Resource Aware Inference For Block RAM                                     ; On                 ; On                 ;
; Synthesis Seed                                                             ; 1                  ; 1                  ;
+----------------------------------------------------------------------------+--------------------+--------------------+


Parallel compilation was disabled, but you have multiple processors available. Enable parallel compilation to reduce compilation time.
+-------------------------------------+
; Parallel Compilation                ;
+----------------------------+--------+
; Processors                 ; Number ;
+----------------------------+--------+
; Number detected on machine ; 4      ;
; Maximum allowed            ; 1      ;
+----------------------------+--------+


+-----------------------------------------------------------------------------------------------------------------------------------------------------------------------------------------------+
; Analysis & Synthesis Source Files Read                                                                                                                                                        ;
+----------------------------------+-----------------+------------------------+-------------------------------------------------------------------------------------------------------+---------+
; File Name with User-Entered Path ; Used in Netlist ; File Type              ; File Name with Absolute Path                                                                          ; Library ;
+----------------------------------+-----------------+------------------------+-------------------------------------------------------------------------------------------------------+---------+
; rgb_led_cromatic.v               ; yes             ; User Verilog HDL File  ; C:/Users/Windows/Dropbox/Proyecto_Javieres/FPGA_proyectos/Verilog/rgb_led_cromatic/rgb_led_cromatic.v ;         ;
; pwm.v                            ; yes             ; User Verilog HDL File  ; C:/Users/Windows/Dropbox/Proyecto_Javieres/FPGA_proyectos/Verilog/rgb_led_cromatic/pwm.v              ;         ;
; debouncer.v                      ; yes             ; User Verilog HDL File  ; C:/Users/Windows/Dropbox/Proyecto_Javieres/FPGA_proyectos/Verilog/rgb_led_cromatic/debouncer.v        ;         ;
; cromatic.v                       ; yes             ; User Verilog HDL File  ; C:/Users/Windows/Dropbox/Proyecto_Javieres/FPGA_proyectos/Verilog/rgb_led_cromatic/cromatic.v         ;         ;
+----------------------------------+-----------------+------------------------+-------------------------------------------------------------------------------------------------------+---------+


+-----------------------------------------------------+
; Analysis & Synthesis Resource Usage Summary         ;
+---------------------------------------------+-------+
; Resource                                    ; Usage ;
+---------------------------------------------+-------+
; Estimated Total logic elements              ; 113   ;
;                                             ;       ;
; Total combinational functions               ; 109   ;
; Logic element usage by number of LUT inputs ;       ;
;     -- 4 input functions                    ; 15    ;
;     -- 3 input functions                    ; 53    ;
;     -- <=2 input functions                  ; 41    ;
;                                             ;       ;
; Logic elements by mode                      ;       ;
;     -- normal mode                          ; 53    ;
;     -- arithmetic mode                      ; 56    ;
;                                             ;       ;
; Total registers                             ; 58    ;
;     -- Dedicated logic registers            ; 58    ;
;     -- I/O registers                        ; 0     ;
;                                             ;       ;
; I/O pins                                    ; 77    ;
; Embedded Multiplier 9-bit elements          ; 0     ;
; Maximum fan-out node                        ; clk   ;
; Maximum fan-out                             ; 58    ;
; Total fan-out                               ; 542   ;
; Average fan-out                             ; 2.22  ;
+---------------------------------------------+-------+


+-------------------------------------------------------------------------------------------------------------------------------------------------------------------------------------------------+
; Analysis & Synthesis Resource Utilization by Entity                                                                                                                                             ;
+----------------------------+-------------------+--------------+-------------+--------------+---------+-----------+------+--------------+-----------------------------------------+--------------+
; Compilation Hierarchy Node ; LC Combinationals ; LC Registers ; Memory Bits ; DSP Elements ; DSP 9x9 ; DSP 18x18 ; Pins ; Virtual Pins ; Full Hierarchy Name                     ; Library Name ;
+----------------------------+-------------------+--------------+-------------+--------------+---------+-----------+------+--------------+-----------------------------------------+--------------+
; |rgb_led_cromatic          ; 109 (0)           ; 58 (0)       ; 0           ; 0            ; 0       ; 0         ; 77   ; 0            ; |rgb_led_cromatic                       ; work         ;
;    |cromatic:cromatic_1|   ; 9 (9)             ; 6 (6)        ; 0           ; 0            ; 0       ; 0         ; 0    ; 0            ; |rgb_led_cromatic|cromatic:cromatic_1   ; work         ;
;    |debouncer:debouncer_1| ; 45 (45)           ; 26 (26)      ; 0           ; 0            ; 0       ; 0         ; 0    ; 0            ; |rgb_led_cromatic|debouncer:debouncer_1 ; work         ;
;    |pwm:pwm_1|             ; 55 (55)           ; 26 (26)      ; 0           ; 0            ; 0       ; 0         ; 0    ; 0            ; |rgb_led_cromatic|pwm:pwm_1             ; work         ;
+----------------------------+-------------------+--------------+-------------+--------------+---------+-----------+------+--------------+-----------------------------------------+--------------+
Note: For table entries with two numbers listed, the numbers in parentheses indicate the number of resources of the given type used by the specific entity alone. The numbers listed outside of parentheses indicate the total resources of the given type used by the specific entity and all of its sub-entities in the hierarchy.


+---------------------------------------------------------------------------------------------------+
; User-Specified and Inferred Latches                                                               ;
+----------------------------------------------------+---------------------+------------------------+
; Latch Name                                         ; Latch Enable Signal ; Free of Timing Hazards ;
+----------------------------------------------------+---------------------+------------------------+
; pwm:pwm_1|flg                                      ; GND                 ; yes                    ;
; Number of user-specified and inferred latches = 1  ;                     ;                        ;
+----------------------------------------------------+---------------------+------------------------+
Note: All latches listed above may not be present at the end of synthesis due to various synthesis optimizations.


+--------------------------------------------------------------------------------+
; Registers Removed During Synthesis                                             ;
+----------------------------------------+---------------------------------------+
; Register name                          ; Reason for Removal                    ;
+----------------------------------------+---------------------------------------+
; cromatic:cromatic_1|g[0..5]            ; Merged with cromatic:cromatic_1|g[6]  ;
; cromatic:cromatic_1|b[0..23]           ; Merged with cromatic:cromatic_1|b[24] ;
; cromatic:cromatic_1|g[8..24]           ; Merged with cromatic:cromatic_1|g[7]  ;
; cromatic:cromatic_1|r[1..24]           ; Merged with cromatic:cromatic_1|r[0]  ;
; cromatic:cromatic_1|g[7]               ; Merged with cromatic:cromatic_1|g[6]  ;
; Total Number of Removed Registers = 72 ;                                       ;
+----------------------------------------+---------------------------------------+


+------------------------------------------------------+
; General Register Statistics                          ;
+----------------------------------------------+-------+
; Statistic                                    ; Value ;
+----------------------------------------------+-------+
; Total registers                              ; 58    ;
; Number of registers using Synchronous Clear  ; 13    ;
; Number of registers using Synchronous Load   ; 0     ;
; Number of registers using Asynchronous Clear ; 0     ;
; Number of registers using Asynchronous Load  ; 0     ;
; Number of registers using Clock Enable       ; 39    ;
; Number of registers using Preset             ; 0     ;
+----------------------------------------------+-------+


+--------------------------------------------------------------------------------------------------------------------------------------------------------------------+
; Multiplexer Restructuring Statistics (Restructuring Performed)                                                                                                     ;
+--------------------+-----------+---------------+----------------------+------------------------+------------+------------------------------------------------------+
; Multiplexer Inputs ; Bus Width ; Baseline Area ; Area if Restructured ; Saving if Restructured ; Registered ; Example Multiplexer Output                           ;
+--------------------+-----------+---------------+----------------------+------------------------+------------+------------------------------------------------------+
; 3:1                ; 20 bits   ; 40 LEs        ; 20 LEs               ; 20 LEs                 ; Yes        ; |rgb_led_cromatic|debouncer:debouncer_1|cnt_40ms[19] ;
+--------------------+-----------+---------------+----------------------+------------------------+------------+------------------------------------------------------+


+------------------------------------------------------------------+
; Parameter Settings for User Entity Instance: cromatic:cromatic_1 ;
+----------------+-------+-----------------------------------------+
; Parameter Name ; Value ; Type                                    ;
+----------------+-------+-----------------------------------------+
; RED            ; 0     ; Signed Integer                          ;
; GREEN          ; 1     ; Signed Integer                          ;
; BLUE           ; 2     ; Signed Integer                          ;
; CIAN           ; 3     ; Signed Integer                          ;
; MAGENTA        ; 4     ; Signed Integer                          ;
; YELLOW         ; 5     ; Signed Integer                          ;
; BLACK          ; 6     ; Signed Integer                          ;
+----------------+-------+-----------------------------------------+
Note: In order to hide this table in the UI and the text report file, please set the "Show Parameter Settings in Synthesis Report" option in "Analysis and Synthesis Settings -> More Settings" to "Off".


+------------------------------------------------------------------------------------------------------------------+
; Port Connectivity Checks: "debouncer:debouncer_1"                                                                ;
+--------+--------+----------+-------------------------------------------------------------------------------------+
; Port   ; Type   ; Severity ; Details                                                                             ;
+--------+--------+----------+-------------------------------------------------------------------------------------+
; r_edge ; Output ; Info     ; Connected to dangling logic. Logic that only feeds a dangling port will be removed. ;
+--------+--------+----------+-------------------------------------------------------------------------------------+


+-------------------------------+
; Elapsed Time Per Partition    ;
+----------------+--------------+
; Partition Name ; Elapsed Time ;
+----------------+--------------+
; Top            ; 00:00:07     ;
+----------------+--------------+


+-------------------------------+
; Analysis & Synthesis Messages ;
+-------------------------------+
Info: *******************************************************************
Info: Running Quartus II 64-Bit Analysis & Synthesis
    Info: Version 13.0.1 Build 232 06/12/2013 Service Pack 1 SJ Web Edition
    Info: Processing started: Sat Oct 07 15:42:42 2017
Info: Command: quartus_map --read_settings_files=on --write_settings_files=off rgb_led_cromatic -c rgb_led_cromatic
Warning (20028): Parallel compilation is not licensed and has been disabled
Info (12021): Found 1 design units, including 1 entities, in source file rgb_led_cromatic.v
    Info (12023): Found entity 1: rgb_led_cromatic
Info (12021): Found 1 design units, including 1 entities, in source file pwm.v
    Info (12023): Found entity 1: pwm
Info (12021): Found 1 design units, including 1 entities, in source file debouncer.v
    Info (12023): Found entity 1: debouncer
Info (12021): Found 1 design units, including 1 entities, in source file cromatic.v
    Info (12023): Found entity 1: cromatic
Info (12127): Elaborating entity "rgb_led_cromatic" for the top level hierarchy
Info (12128): Elaborating entity "debouncer" for hierarchy "debouncer:debouncer_1"
Warning (10230): Verilog HDL assignment warning at debouncer.v(57): truncated value with size 32 to match size of target (21)
Info (12128): Elaborating entity "pwm" for hierarchy "pwm:pwm_1"
Warning (10230): Verilog HDL assignment warning at pwm.v(39): truncated value with size 32 to match size of target (13)
Warning (10230): Verilog HDL assignment warning at pwm.v(48): truncated value with size 32 to match size of target (13)
Warning (10230): Verilog HDL assignment warning at pwm.v(50): truncated value with size 32 to match size of target (13)
Info (10041): Inferred latch for "flg" at pwm.v(54)
Info (12128): Elaborating entity "cromatic" for hierarchy "cromatic:cromatic_1"
Warning (10230): Verilog HDL assignment warning at cromatic.v(42): truncated value with size 32 to match size of target (3)
Warning (10230): Verilog HDL assignment warning at cromatic.v(50): truncated value with size 32 to match size of target (3)
Warning (10230): Verilog HDL assignment warning at cromatic.v(52): truncated value with size 32 to match size of target (3)
Info (144001): Generated suppressed messages file C:/Users/Windows/Dropbox/Proyecto_Javieres/FPGA_proyectos/Verilog/rgb_led_cromatic/output_files/rgb_led_cromatic.map.smsg
Info (16010): Generating hard_block partition "hard_block:auto_generated_inst"
    Info (16011): Adding 0 node(s), including 0 DDIO, 0 PLL, 0 transceiver and 0 LCELL
Info (21057): Implemented 190 device resources after synthesis - the final resource count might be different
    Info (21058): Implemented 2 input pins
    Info (21059): Implemented 75 output pins
    Info (21061): Implemented 113 logic cells
Info: Quartus II 64-Bit Analysis & Synthesis was successful. 0 errors, 8 warnings
    Info: Peak virtual memory: 491 megabytes
    Info: Processing ended: Sat Oct 07 15:43:06 2017
    Info: Elapsed time: 00:00:24
    Info: Total CPU time (on all processors): 00:00:02


+------------------------------------------+
; Analysis & Synthesis Suppressed Messages ;
+------------------------------------------+
The suppressed messages can be found in C:/Users/Windows/Dropbox/Proyecto_Javieres/FPGA_proyectos/Verilog/rgb_led_cromatic/output_files/rgb_led_cromatic.map.smsg.


